[10/Jan/2016 18:30:49] DEBUG [django.db.backends:89] (0.000) SAVEPOINT "s140735268315136_x1"; args=None
[10/Jan/2016 18:30:49] DEBUG [django.db.backends:89] (0.000) SAVEPOINT "s140735268315136_x2"; args=None
[10/Jan/2016 18:30:49] ERROR [CHAT:123] Post message is not valid {'text': 'blah blah blah blah blah blah blah blah blah blah blah blah blah blah blah blah blah blah blah blah blah blah blah blah blah blah blah blah blah blah blah blah blah blah blah blah blah blah blah blah blah blah blah blah blah blah blah blah blah blah blah blah blah blah blah blah blah blah blah blah blah blah blah blah blah blah blah blah blah blah blah blah blah blah blah blah blah blah blah blah blah blah blah blah blah blah blah blah blah blah blah blah blah blah blah blah blah blah blah blah blah blah blah blah blah blah blah blah blah blah blah blah blah blah blah blah blah blah blah blah blah blah blah blah blah blah blah blah blah blah blah blah blah blah blah blah blah blah blah blah blah blah blah blah blah blah blah blah blah blah ', 'username': 'kiran', 'timeout': 90}
[10/Jan/2016 18:30:49] DEBUG [django.db.backends:89] (0.000) RELEASE SAVEPOINT "s140735268315136_x2"; args=None
[10/Jan/2016 18:30:49] DEBUG [django.db.backends:89] (0.000) ROLLBACK TO SAVEPOINT "s140735268315136_x1"; args=None
[10/Jan/2016 18:30:49] DEBUG [django.db.backends:89] (0.000) RELEASE SAVEPOINT "s140735268315136_x1"; args=None
[10/Jan/2016 18:30:49] DEBUG [django.db.backends:89] (0.000) SAVEPOINT "s140735268315136_x3"; args=None
[10/Jan/2016 18:30:49] DEBUG [django.db.backends:89] (0.000) SAVEPOINT "s140735268315136_x4"; args=None
[10/Jan/2016 18:30:49] DEBUG [django.db.backends:89] (0.002) INSERT INTO "restapi_chat" ("username", "text", "timeout", "expiration_date") VALUES ('kiran', 'This is a test message', 300, '2016-01-10T18:35:49.763687'::timestamp) RETURNING "restapi_chat"."id"; args=('kiran', 'This is a test message', 300, datetime.datetime(2016, 1, 10, 18, 35, 49, 763687))
[10/Jan/2016 18:30:49] DEBUG [django.db.backends:89] (0.001) SELECT "restapi_chat"."id", "restapi_chat"."username", "restapi_chat"."text", "restapi_chat"."timeout", "restapi_chat"."expiration_date" FROM "restapi_chat" WHERE "restapi_chat"."id" = 93; args=(93,)
[10/Jan/2016 18:30:49] DEBUG [CHAT:117] Created chat message <Chat: Chat object>
[10/Jan/2016 18:30:49] DEBUG [CHAT:79] Set id 93, data {'text': 'This is a test message', 'username': 'kiran', 'expiration_date': '2016-01-10 18:35:49'} in cache with timeout 300
[10/Jan/2016 18:30:49] DEBUG [django.db.backends:89] (0.000) RELEASE SAVEPOINT "s140735268315136_x4"; args=None
[10/Jan/2016 18:30:49] DEBUG [django.db.backends:89] (0.001) SELECT COUNT('*') AS "__count" FROM "restapi_chat"; args=('*',)
[10/Jan/2016 18:30:49] DEBUG [django.db.backends:89] (0.000) SELECT "restapi_chat"."id", "restapi_chat"."username", "restapi_chat"."text", "restapi_chat"."timeout", "restapi_chat"."expiration_date" FROM "restapi_chat" WHERE "restapi_chat"."id" = 93; args=(93,)
[10/Jan/2016 18:30:49] DEBUG [django.db.backends:89] (0.000) ROLLBACK TO SAVEPOINT "s140735268315136_x3"; args=None
[10/Jan/2016 18:30:49] DEBUG [django.db.backends:89] (0.000) RELEASE SAVEPOINT "s140735268315136_x3"; args=None
[10/Jan/2016 18:30:49] DEBUG [django.db.backends:89] (0.000) SAVEPOINT "s140735268315136_x5"; args=None
[10/Jan/2016 18:30:49] DEBUG [django.db.backends:89] (0.000) SAVEPOINT "s140735268315136_x6"; args=None
[10/Jan/2016 18:30:49] ERROR [CHAT:123] Post message is not valid {'text': 'This is a test message', 'username': 'kiran', 'timeout': ''}
[10/Jan/2016 18:30:49] DEBUG [django.db.backends:89] (0.000) RELEASE SAVEPOINT "s140735268315136_x6"; args=None
[10/Jan/2016 18:30:49] DEBUG [django.db.backends:89] (0.000) ROLLBACK TO SAVEPOINT "s140735268315136_x5"; args=None
[10/Jan/2016 18:30:49] DEBUG [django.db.backends:89] (0.000) RELEASE SAVEPOINT "s140735268315136_x5"; args=None
[10/Jan/2016 18:30:49] DEBUG [django.db.backends:89] (0.000) SAVEPOINT "s140735268315136_x7"; args=None
[10/Jan/2016 18:30:49] DEBUG [CHAT:99] Get id 999 from cache
[10/Jan/2016 18:30:49] DEBUG [django.db.backends:89] (0.000) SELECT "restapi_chat"."id", "restapi_chat"."username", "restapi_chat"."text", "restapi_chat"."timeout", "restapi_chat"."expiration_date" FROM "restapi_chat" WHERE "restapi_chat"."id" = 999; args=(999,)
[10/Jan/2016 18:30:49] ERROR [CHAT:149] Chat id does not exist DoesNotExist('Chat matching query does not exist.',)
[10/Jan/2016 18:30:49] DEBUG [django.db.backends:89] (0.000) ROLLBACK TO SAVEPOINT "s140735268315136_x7"; args=None
[10/Jan/2016 18:30:49] DEBUG [django.db.backends:89] (0.000) RELEASE SAVEPOINT "s140735268315136_x7"; args=None
[10/Jan/2016 18:30:49] DEBUG [django.db.backends:89] (0.000) SAVEPOINT "s140735268315136_x8"; args=None
[10/Jan/2016 18:30:49] DEBUG [django.db.backends:89] (0.000) SAVEPOINT "s140735268315136_x9"; args=None
[10/Jan/2016 18:30:49] DEBUG [django.db.backends:89] (0.001) INSERT INTO "restapi_chat" ("username", "text", "timeout", "expiration_date") VALUES ('kiran', 'This is a test message', 300, '2016-01-10T18:35:49.794752'::timestamp) RETURNING "restapi_chat"."id"; args=('kiran', 'This is a test message', 300, datetime.datetime(2016, 1, 10, 18, 35, 49, 794752))
[10/Jan/2016 18:30:49] DEBUG [django.db.backends:89] (0.000) SELECT "restapi_chat"."id", "restapi_chat"."username", "restapi_chat"."text", "restapi_chat"."timeout", "restapi_chat"."expiration_date" FROM "restapi_chat" WHERE "restapi_chat"."id" = 94; args=(94,)
[10/Jan/2016 18:30:49] DEBUG [CHAT:117] Created chat message <Chat: Chat object>
[10/Jan/2016 18:30:49] DEBUG [CHAT:79] Set id 94, data {'text': 'This is a test message', 'username': 'kiran', 'expiration_date': '2016-01-10 18:35:49'} in cache with timeout 300
[10/Jan/2016 18:30:49] DEBUG [django.db.backends:89] (0.000) RELEASE SAVEPOINT "s140735268315136_x9"; args=None
[10/Jan/2016 18:30:49] DEBUG [CHAT:99] Get id 94 from cache
[10/Jan/2016 18:30:49] DEBUG [CHAT:146] Get chat message from cache {'text': 'This is a test message', 'username': 'kiran', 'expiration_date': '2016-01-10 18:35:49'}
[10/Jan/2016 18:30:49] DEBUG [django.db.backends:89] (0.000) ROLLBACK TO SAVEPOINT "s140735268315136_x8"; args=None
[10/Jan/2016 18:30:49] DEBUG [django.db.backends:89] (0.000) RELEASE SAVEPOINT "s140735268315136_x8"; args=None
[10/Jan/2016 18:30:49] DEBUG [django.db.backends:89] (0.000) SAVEPOINT "s140735268315136_x10"; args=None
[10/Jan/2016 18:30:49] DEBUG [django.db.backends:89] (0.000) SAVEPOINT "s140735268315136_x11"; args=None
[10/Jan/2016 18:30:49] DEBUG [django.db.backends:89] (0.001) INSERT INTO "restapi_chat" ("username", "text", "timeout", "expiration_date") VALUES ('kiran', 'This is a test message', 300, '2016-01-10T18:35:49.807904'::timestamp) RETURNING "restapi_chat"."id"; args=('kiran', 'This is a test message', 300, datetime.datetime(2016, 1, 10, 18, 35, 49, 807904))
[10/Jan/2016 18:30:49] DEBUG [django.db.backends:89] (0.000) SELECT "restapi_chat"."id", "restapi_chat"."username", "restapi_chat"."text", "restapi_chat"."timeout", "restapi_chat"."expiration_date" FROM "restapi_chat" WHERE "restapi_chat"."id" = 95; args=(95,)
[10/Jan/2016 18:30:49] DEBUG [CHAT:117] Created chat message <Chat: Chat object>
[10/Jan/2016 18:30:49] DEBUG [CHAT:79] Set id 95, data {'text': 'This is a test message', 'username': 'kiran', 'expiration_date': '2016-01-10 18:35:49'} in cache with timeout 300
[10/Jan/2016 18:30:49] DEBUG [django.db.backends:89] (0.000) RELEASE SAVEPOINT "s140735268315136_x11"; args=None
[10/Jan/2016 18:30:49] DEBUG [CHAT:165] Extract chat messages for user 'kiran'
[10/Jan/2016 18:30:49] DEBUG [django.db.backends:89] (0.002) SELECT "restapi_chat"."id", "restapi_chat"."username", "restapi_chat"."text", "restapi_chat"."timeout", "restapi_chat"."expiration_date" FROM "restapi_chat" WHERE ("restapi_chat"."expiration_date" > '2016-01-10T18:30:49.816042'::timestamp AND "restapi_chat"."username" = 'kiran'); args=(datetime.datetime(2016, 1, 10, 18, 30, 49, 816042), 'kiran')
[10/Jan/2016 18:30:49] DEBUG [CHAT:89] Set expiration for id 95
[10/Jan/2016 18:30:49] DEBUG [django.db.backends:89] (0.001) UPDATE "restapi_chat" SET "username" = 'kiran', "text" = 'This is a test message', "timeout" = 0, "expiration_date" = '2016-01-10T18:30:49.819300'::timestamp WHERE "restapi_chat"."id" = 95; args=('kiran', 'This is a test message', 0, datetime.datetime(2016, 1, 10, 18, 30, 49, 819300), 95)
[10/Jan/2016 18:30:49] DEBUG [CHAT:173] Processed chat messages for user 'kiran'
[10/Jan/2016 18:30:49] DEBUG [django.db.backends:89] (0.000) ROLLBACK TO SAVEPOINT "s140735268315136_x10"; args=None
[10/Jan/2016 18:30:49] DEBUG [django.db.backends:89] (0.000) RELEASE SAVEPOINT "s140735268315136_x10"; args=None
[10/Jan/2016 18:38:33] DEBUG [django.db.backends:89] (0.000) SAVEPOINT "s140735268315136_x1"; args=None
[10/Jan/2016 18:38:34] DEBUG [django.db.backends:89] (0.000) SAVEPOINT "s140735268315136_x2"; args=None
[10/Jan/2016 18:38:34] ERROR [CHAT:123] Post message is not valid {'username': 'kiran', 'text': 'blah blah blah blah blah blah blah blah blah blah blah blah blah blah blah blah blah blah blah blah blah blah blah blah blah blah blah blah blah blah blah blah blah blah blah blah blah blah blah blah blah blah blah blah blah blah blah blah blah blah blah blah blah blah blah blah blah blah blah blah blah blah blah blah blah blah blah blah blah blah blah blah blah blah blah blah blah blah blah blah blah blah blah blah blah blah blah blah blah blah blah blah blah blah blah blah blah blah blah blah blah blah blah blah blah blah blah blah blah blah blah blah blah blah blah blah blah blah blah blah blah blah blah blah blah blah blah blah blah blah blah blah blah blah blah blah blah blah blah blah blah blah blah blah blah blah blah blah blah blah ', 'timeout': 90}
[10/Jan/2016 18:38:34] DEBUG [django.db.backends:89] (0.000) RELEASE SAVEPOINT "s140735268315136_x2"; args=None
[10/Jan/2016 18:38:34] DEBUG [django.db.backends:89] (0.000) ROLLBACK TO SAVEPOINT "s140735268315136_x1"; args=None
[10/Jan/2016 18:38:34] DEBUG [django.db.backends:89] (0.000) RELEASE SAVEPOINT "s140735268315136_x1"; args=None
[10/Jan/2016 18:38:34] DEBUG [django.db.backends:89] (0.000) SAVEPOINT "s140735268315136_x3"; args=None
[10/Jan/2016 18:38:34] DEBUG [django.db.backends:89] (0.000) SAVEPOINT "s140735268315136_x4"; args=None
[10/Jan/2016 18:38:34] DEBUG [django.db.backends:89] (0.002) INSERT INTO "restapi_chat" ("username", "text", "timeout", "expiration_date") VALUES ('kiran', 'This is a test message', 300, '2016-01-10T18:43:34.517143'::timestamp) RETURNING "restapi_chat"."id"; args=('kiran', 'This is a test message', 300, datetime.datetime(2016, 1, 10, 18, 43, 34, 517143))
[10/Jan/2016 18:38:34] DEBUG [django.db.backends:89] (0.001) SELECT "restapi_chat"."id", "restapi_chat"."username", "restapi_chat"."text", "restapi_chat"."timeout", "restapi_chat"."expiration_date" FROM "restapi_chat" WHERE "restapi_chat"."id" = 96; args=(96,)
[10/Jan/2016 18:38:34] DEBUG [CHAT:117] Created chat message <Chat: Chat object>
[10/Jan/2016 18:38:34] DEBUG [CHAT:79] Set id 96, data {'username': 'kiran', 'text': 'This is a test message', 'expiration_date': '2016-01-10 18:43:34'} in cache with timeout 300
[10/Jan/2016 18:38:34] DEBUG [django.db.backends:89] (0.000) RELEASE SAVEPOINT "s140735268315136_x4"; args=None
[10/Jan/2016 18:38:34] DEBUG [django.db.backends:89] (0.001) SELECT COUNT('*') AS "__count" FROM "restapi_chat"; args=('*',)
[10/Jan/2016 18:38:34] DEBUG [django.db.backends:89] (0.001) SELECT "restapi_chat"."id", "restapi_chat"."username", "restapi_chat"."text", "restapi_chat"."timeout", "restapi_chat"."expiration_date" FROM "restapi_chat" WHERE "restapi_chat"."id" = 96; args=(96,)
[10/Jan/2016 18:38:34] DEBUG [django.db.backends:89] (0.000) ROLLBACK TO SAVEPOINT "s140735268315136_x3"; args=None
[10/Jan/2016 18:38:34] DEBUG [django.db.backends:89] (0.000) RELEASE SAVEPOINT "s140735268315136_x3"; args=None
[10/Jan/2016 18:38:34] DEBUG [django.db.backends:89] (0.000) SAVEPOINT "s140735268315136_x5"; args=None
[10/Jan/2016 18:38:34] DEBUG [django.db.backends:89] (0.000) SAVEPOINT "s140735268315136_x6"; args=None
[10/Jan/2016 18:38:34] ERROR [CHAT:123] Post message is not valid {'username': 'kiran', 'text': 'This is a test message', 'timeout': ''}
[10/Jan/2016 18:38:34] DEBUG [django.db.backends:89] (0.000) RELEASE SAVEPOINT "s140735268315136_x6"; args=None
[10/Jan/2016 18:38:34] DEBUG [django.db.backends:89] (0.000) ROLLBACK TO SAVEPOINT "s140735268315136_x5"; args=None
[10/Jan/2016 18:38:34] DEBUG [django.db.backends:89] (0.000) RELEASE SAVEPOINT "s140735268315136_x5"; args=None
[10/Jan/2016 18:38:34] DEBUG [django.db.backends:89] (0.000) SAVEPOINT "s140735268315136_x7"; args=None
[10/Jan/2016 18:38:34] DEBUG [CHAT:99] Get id 999 from cache
[10/Jan/2016 18:38:34] DEBUG [django.db.backends:89] (0.001) SELECT "restapi_chat"."id", "restapi_chat"."username", "restapi_chat"."text", "restapi_chat"."timeout", "restapi_chat"."expiration_date" FROM "restapi_chat" WHERE "restapi_chat"."id" = 999; args=(999,)
[10/Jan/2016 18:38:34] ERROR [CHAT:149] Chat id does not exist DoesNotExist('Chat matching query does not exist.',)
[10/Jan/2016 18:38:34] DEBUG [django.db.backends:89] (0.000) ROLLBACK TO SAVEPOINT "s140735268315136_x7"; args=None
[10/Jan/2016 18:38:34] DEBUG [django.db.backends:89] (0.001) RELEASE SAVEPOINT "s140735268315136_x7"; args=None
[10/Jan/2016 18:38:34] DEBUG [django.db.backends:89] (0.000) SAVEPOINT "s140735268315136_x8"; args=None
[10/Jan/2016 18:38:34] DEBUG [django.db.backends:89] (0.000) SAVEPOINT "s140735268315136_x9"; args=None
[10/Jan/2016 18:38:34] DEBUG [django.db.backends:89] (0.001) INSERT INTO "restapi_chat" ("username", "text", "timeout", "expiration_date") VALUES ('kiran', 'This is a test message', 300, '2016-01-10T18:43:34.561049'::timestamp) RETURNING "restapi_chat"."id"; args=('kiran', 'This is a test message', 300, datetime.datetime(2016, 1, 10, 18, 43, 34, 561049))
[10/Jan/2016 18:38:34] DEBUG [django.db.backends:89] (0.000) SELECT "restapi_chat"."id", "restapi_chat"."username", "restapi_chat"."text", "restapi_chat"."timeout", "restapi_chat"."expiration_date" FROM "restapi_chat" WHERE "restapi_chat"."id" = 97; args=(97,)
[10/Jan/2016 18:38:34] DEBUG [CHAT:117] Created chat message <Chat: Chat object>
[10/Jan/2016 18:38:34] DEBUG [CHAT:79] Set id 97, data {'username': 'kiran', 'text': 'This is a test message', 'expiration_date': '2016-01-10 18:43:34'} in cache with timeout 300
[10/Jan/2016 18:38:34] DEBUG [django.db.backends:89] (0.000) RELEASE SAVEPOINT "s140735268315136_x9"; args=None
[10/Jan/2016 18:38:34] DEBUG [CHAT:99] Get id 97 from cache
[10/Jan/2016 18:38:34] DEBUG [CHAT:146] Get chat message from cache {'username': 'kiran', 'text': 'This is a test message', 'expiration_date': '2016-01-10 18:43:34'}
[10/Jan/2016 18:38:34] DEBUG [django.db.backends:89] (0.000) ROLLBACK TO SAVEPOINT "s140735268315136_x8"; args=None
[10/Jan/2016 18:38:34] DEBUG [django.db.backends:89] (0.000) RELEASE SAVEPOINT "s140735268315136_x8"; args=None
[10/Jan/2016 18:38:34] DEBUG [django.db.backends:89] (0.000) SAVEPOINT "s140735268315136_x10"; args=None
[10/Jan/2016 18:38:34] DEBUG [django.db.backends:89] (0.000) SAVEPOINT "s140735268315136_x11"; args=None
[10/Jan/2016 18:38:34] DEBUG [django.db.backends:89] (0.001) INSERT INTO "restapi_chat" ("username", "text", "timeout", "expiration_date") VALUES ('kiran', 'This is a test message', 300, '2016-01-10T18:43:34.576009'::timestamp) RETURNING "restapi_chat"."id"; args=('kiran', 'This is a test message', 300, datetime.datetime(2016, 1, 10, 18, 43, 34, 576009))
[10/Jan/2016 18:38:34] DEBUG [django.db.backends:89] (0.000) SELECT "restapi_chat"."id", "restapi_chat"."username", "restapi_chat"."text", "restapi_chat"."timeout", "restapi_chat"."expiration_date" FROM "restapi_chat" WHERE "restapi_chat"."id" = 98; args=(98,)
[10/Jan/2016 18:38:34] DEBUG [CHAT:117] Created chat message <Chat: Chat object>
[10/Jan/2016 18:38:34] DEBUG [CHAT:79] Set id 98, data {'username': 'kiran', 'text': 'This is a test message', 'expiration_date': '2016-01-10 18:43:34'} in cache with timeout 300
[10/Jan/2016 18:38:34] DEBUG [django.db.backends:89] (0.000) RELEASE SAVEPOINT "s140735268315136_x11"; args=None
[10/Jan/2016 18:38:34] DEBUG [CHAT:165] Extract chat messages for user 'kiran'
[10/Jan/2016 18:38:34] DEBUG [django.db.backends:89] (0.002) SELECT "restapi_chat"."id", "restapi_chat"."username", "restapi_chat"."text", "restapi_chat"."timeout", "restapi_chat"."expiration_date" FROM "restapi_chat" WHERE ("restapi_chat"."username" = 'kiran' AND "restapi_chat"."expiration_date" > '2016-01-10T18:38:34.582749'::timestamp); args=('kiran', datetime.datetime(2016, 1, 10, 18, 38, 34, 582749))
[10/Jan/2016 18:38:34] DEBUG [CHAT:89] Set expiration for id 98
[10/Jan/2016 18:38:34] DEBUG [django.db.backends:89] (0.001) UPDATE "restapi_chat" SET "username" = 'kiran', "text" = 'This is a test message', "timeout" = 0, "expiration_date" = '2016-01-10T18:38:34.586154'::timestamp WHERE "restapi_chat"."id" = 98; args=('kiran', 'This is a test message', 0, datetime.datetime(2016, 1, 10, 18, 38, 34, 586154), 98)
[10/Jan/2016 18:38:34] DEBUG [CHAT:173] Processed chat messages for user 'kiran'
[10/Jan/2016 18:38:34] DEBUG [django.db.backends:89] (0.000) ROLLBACK TO SAVEPOINT "s140735268315136_x10"; args=None
[10/Jan/2016 18:38:34] DEBUG [django.db.backends:89] (0.000) RELEASE SAVEPOINT "s140735268315136_x10"; args=None
